<?xml version="1.0" encoding="UTF-8" ?>
<testsuite failures="0" time="0" errors="0" skipped="1" tests="1" name="pku.ds.tgen.index.BstIndexerTest">
  <properties>
    <property name="java.vendor" value="Sun Microsystems Inc."/>
    <property name="localRepository" value="D:\Program Files\Apache Software Foundation\apache-maven-2.2.1/repos"/>
    <property name="sun.java.launcher" value="SUN_STANDARD"/>
    <property name="sun.management.compiler" value="HotSpot Client Compiler"/>
    <property name="env.PROMPT" value="$P$G"/>
    <property name="os.name" value="Windows XP"/>
    <property name="env.FP_NO_HOST_CHECK" value="NO"/>
    <property name="sun.boot.class.path" value="C:\Program Files\Java\jdk1.6.0_15\jre\lib\resources.jar;C:\Program Files\Java\jdk1.6.0_15\jre\lib\rt.jar;C:\Program Files\Java\jdk1.6.0_15\jre\lib\sunrsasign.jar;C:\Program Files\Java\jdk1.6.0_15\jre\lib\jsse.jar;C:\Program Files\Java\jdk1.6.0_15\jre\lib\jce.jar;C:\Program Files\Java\jdk1.6.0_15\jre\lib\charsets.jar;C:\Program Files\Java\jdk1.6.0_15\jre\classes"/>
    <property name="env.COMPUTERNAME" value="DR-R400"/>
    <property name="env.ALLUSERSPROFILE" value="C:\Documents and Settings\All Users"/>
    <property name="sun.desktop" value="windows"/>
    <property name="java.vm.specification.vendor" value="Sun Microsystems Inc."/>
    <property name="java.runtime.version" value="1.6.0_15-b03"/>
    <property name="env.HOMEPATH" value="\Documents and Settings\dr"/>
    <property name="env.__COMPAT_LAYER" value="EnableNXShowUI "/>
    <property name="user.name" value="dr"/>
    <property name="env.QTJAVA" value="C:\Program Files\Java\jre6\lib\ext\QTJava.zip"/>
    <property name="user.language" value="zh"/>
    <property name="sun.boot.library.path" value="C:\Program Files\Java\jdk1.6.0_15\jre\bin"/>
    <property name="classworlds.conf" value="D:\Code\Maven\.metadata\.plugins\org.maven.ide.eclipse\launches\m2conf5525374973024493453.tmp"/>
    <property name="java.version" value="1.6.0_15"/>
    <property name="env.PROCESSOR_IDENTIFIER" value="x86 Family 6 Model 23 Stepping 10, GenuineIntel"/>
    <property name="user.timezone" value=""/>
    <property name="env.CLIENTNAME" value="Console"/>
    <property name="env.TEMP" value="C:\DOCUME~1\dr\LOCALS~1\Temp"/>
    <property name="sun.arch.data.model" value="32"/>
    <property name="java.endorsed.dirs" value="C:\Program Files\Java\jdk1.6.0_15\jre\lib\endorsed"/>
    <property name="sun.cpu.isalist" value="pentium_pro+mmx pentium_pro pentium+mmx pentium i486 i386 i86"/>
    <property name="env.HOMEDRIVE" value="C:"/>
    <property name="sun.jnu.encoding" value="GBK"/>
    <property name="file.encoding.pkg" value="sun.io"/>
    <property name="file.separator" value="\"/>
    <property name="java.specification.name" value="Java Platform API Specification"/>
    <property name="java.class.version" value="50.0"/>
    <property name="user.country" value="CN"/>
    <property name="java.home" value="C:\Program Files\Java\jdk1.6.0_15\jre"/>
    <property name="env.APPDATA" value="C:\Documents and Settings\dr\Application Data"/>
    <property name="java.vm.info" value="mixed mode, sharing"/>
    <property name="env.ComSpec" value="C:\WINDOWS\system32\cmd.exe"/>
    <property name="env.OS" value="Windows_NT"/>
    <property name="env.CommonProgramFiles" value="C:\Program Files\Common Files"/>
    <property name="os.version" value="5.1"/>
    <property name="path.separator" value=";"/>
    <property name="java.vm.version" value="14.1-b02"/>
    <property name="user.variant" value=""/>
    <property name="env.USERPROFILE" value="C:\Documents and Settings\dr"/>
    <property name="env.JAVA_HOME" value="C:\Program Files\Java\jdk1.6.0_15"/>
    <property name="java.awt.printerjob" value="sun.awt.windows.WPrinterJob"/>
    <property name="env.TMP" value="C:\DOCUME~1\dr\LOCALS~1\Temp"/>
    <property name="sun.io.unicode.encoding" value="UnicodeLittle"/>
    <property name="awt.toolkit" value="sun.awt.windows.WToolkit"/>
    <property name="user.home" value="C:\Documents and Settings\dr"/>
    <property name="env.SESSIONNAME" value="Console"/>
    <property name="java.specification.vendor" value="Sun Microsystems Inc."/>
    <property name="env.CLASSPATH" value=".;C:\Program Files\Java\jre6\lib\ext\QTJava.zip"/>
    <property name="env.M2_HOME" value="D:\Program Files\Apache Software Foundation\apache-maven-2.2.1"/>
    <property name="env.NUMBER_OF_PROCESSORS" value="2"/>
    <property name="java.library.path" value="C:\Program Files\Java\jdk1.6.0_15\bin;.;C:\WINDOWS\Sun\Java\bin;C:\WINDOWS\system32;C:\WINDOWS;C:\WINDOWS\system32;C:\WINDOWS;C:\WINDOWS\System32\Wbem;C:\Program Files\ATI Technologies\ATI.ACE\Core-Static;C:\Program Files\ThinkPad\ConnectUtilities;C:\Program Files\Intel\WiFi\bin\;C:\Program Files\Common Files\Thunder Network\KanKan\Codecs;C:\Program Files\MySQL\MySQL Server 5.0\bin;C:\Program Files\QuickTime\QTSystem\;C:\Program Files\Java\jdk1.6.0_15\bin;D:\Program Files\Apache Software Foundation\apache-maven-2.2.1\bin;D:\Program Files\IDM Computer Solutions\UltraEdit"/>
    <property name="java.vendor.url" value="http://java.sun.com/"/>
    <property name="java.vm.vendor" value="Sun Microsystems Inc."/>
    <property name="maven.home" value="EMBEDDED"/>
    <property name="java.runtime.name" value="Java(TM) SE Runtime Environment"/>
    <property name="java.class.path" value="/D:/Program Files/eclipse/plugins/org.maven.ide.components.maven_embedder_2.1.0.20080530-2300/jars/plexus-classworlds-1.2-alpha-12.jar"/>
    <property name="java.vm.specification.name" value="Java Virtual Machine Specification"/>
    <property name="env.LOGONSERVER" value="\\DR-R400"/>
    <property name="env.windir" value="C:\WINDOWS"/>
    <property name="java.vm.specification.version" value="1.0"/>
    <property name="env.PROCESSOR_ARCHITECTURE" value="x86"/>
    <property name="m2eclipse.workspace.state" value="D:\Code\Maven\.metadata\.plugins\org.maven.ide.eclipse\workspacestate.properties"/>
    <property name="sun.cpu.endian" value="little"/>
    <property name="sun.os.patch.level" value="Service Pack 2"/>
    <property name="env.ProgramFiles" value="C:\Program Files"/>
    <property name="surefire.test.class.path" value="D:\Code\Maven\tgen\target\test-classes;D:\Code\Maven\tgen\target\classes;D:\Program Files\Apache Software Foundation\apache-maven-2.2.1\repos\junit\junit\4.6\junit-4.6.jar;"/>
    <property name="java.io.tmpdir" value="C:\DOCUME~1\dr\LOCALS~1\Temp\"/>
    <property name="env.PROCESSOR_REVISION" value="170a"/>
    <property name="java.vendor.url.bug" value="http://java.sun.com/cgi-bin/bugreport.cgi"/>
    <property name="env.SystemRoot" value="C:\WINDOWS"/>
    <property name="java.awt.graphicsenv" value="sun.awt.Win32GraphicsEnvironment"/>
    <property name="os.arch" value="x86"/>
    <property name="java.ext.dirs" value="C:\Program Files\Java\jdk1.6.0_15\jre\lib\ext;C:\WINDOWS\Sun\Java\lib\ext"/>
    <property name="user.dir" value="D:\Code\Maven\tgen"/>
    <property name="line.separator" value="
"/>
    <property name="java.vm.name" value="Java HotSpot(TM) Client VM"/>
    <property name="env.PATHEXT" value=".COM;.EXE;.BAT;.CMD;.VBS;.VBE;.JS;.JSE;.WSF;.WSH"/>
    <property name="env.Path" value="C:\WINDOWS\system32;C:\WINDOWS;C:\WINDOWS\System32\Wbem;C:\Program Files\ATI Technologies\ATI.ACE\Core-Static;C:\Program Files\ThinkPad\ConnectUtilities;C:\Program Files\Intel\WiFi\bin\;C:\Program Files\Common Files\Thunder Network\KanKan\Codecs;C:\Program Files\MySQL\MySQL Server 5.0\bin;C:\Program Files\QuickTime\QTSystem\;C:\Program Files\Java\jdk1.6.0_15\bin;D:\Program Files\Apache Software Foundation\apache-maven-2.2.1\bin;D:\Program Files\IDM Computer Solutions\UltraEdit"/>
    <property name="basedir" value="D:\Code\Maven\tgen"/>
    <property name="maven.mode.standalone" value="true"/>
    <property name="env.M2" value="D:\Program Files\Apache Software Foundation\apache-maven-2.2.1\bin"/>
    <property name="env.USERNAME" value="dr"/>
    <property name="env.SystemDrive" value="C:"/>
    <property name="file.encoding" value="UTF-8"/>
    <property name="env.USERDOMAIN" value="DR-R400"/>
    <property name="java.specification.version" value="1.6"/>
    <property name="env.PROCESSOR_LEVEL" value="6"/>
  </properties>
  <testcase time="0.016" classname="pku.ds.tgen.index.BstIndexerTest" name="testIndex">
    <skipped/>
  </testcase>
</testsuite>